<?xml version="1.0" encoding="UTF-8"?>
<testng-results ignored="0" total="2" passed="2" failed="0" skipped="0">
  <reporter-output>
  </reporter-output>
  <suite started-at="2024-12-06T17:11:45 IST" name="Suite" finished-at="2024-12-06T17:12:15 IST" duration-ms="30183">
    <groups>
    </groups>
    <test started-at="2024-12-06T17:11:45 IST" name="Test_chrome" finished-at="2024-12-06T17:11:49 IST" duration-ms="3968">
      <class name="runnerscript.Parall_exec">
        <test-method signature="pexec(java.lang.String)[pri:0, instance:runnerscript.Parall_exec@193f604a]" started-at="2024-12-06T17:11:45 IST" name="pexec" finished-at="2024-12-06T17:11:49 IST" duration-ms="3897" status="PASS">
          <params>
            <param index="0">
              <value>
                <![CDATA[chrome]]>
              </value>
            </param>
          </params>
          <reporter-output>
          </reporter-output>
        </test-method> <!-- pexec -->
      </class> <!-- runnerscript.Parall_exec -->
    </test> <!-- Test_chrome -->
    <test started-at="2024-12-06T17:11:45 IST" name="Test_firefox" finished-at="2024-12-06T17:12:15 IST" duration-ms="30182">
      <class name="runnerscript.Parall_exec">
        <test-method signature="pexec(java.lang.String)[pri:0, instance:runnerscript.Parall_exec@f5acb9d]" started-at="2024-12-06T17:11:45 IST" name="pexec" finished-at="2024-12-06T17:12:15 IST" duration-ms="30118" status="PASS">
          <params>
            <param index="0">
              <value>
                <![CDATA[firefox]]>
              </value>
            </param>
          </params>
          <reporter-output>
          </reporter-output>
        </test-method> <!-- pexec -->
      </class> <!-- runnerscript.Parall_exec -->
    </test> <!-- Test_firefox -->
  </suite> <!-- Suite -->
</testng-results>
